[debug] [2019-06-28T14:10:21.908Z] ----------------------------------------------------------------------
[debug] [2019-06-28T14:10:21.911Z] Command:       C:\Program Files\nodejs\node.exe C:\Users\jeffrey\AppData\Roaming\npm\node_modules\firebase-tools\lib\bin\firebase.js serve
[debug] [2019-06-28T14:10:21.912Z] CLI Version:   7.0.2
[debug] [2019-06-28T14:10:21.912Z] Platform:      win32
[debug] [2019-06-28T14:10:21.912Z] Node Version:  v10.16.0
[debug] [2019-06-28T14:10:21.913Z] Time:          Fri Jun 28 2019 16:10:21 GMT+0200 (Central European Summer Time)
[debug] [2019-06-28T14:10:21.913Z] ----------------------------------------------------------------------
[debug] 
[debug] [2019-06-28T14:10:21.933Z] > command requires scopes: ["email","openid","https://www.googleapis.com/auth/cloudplatformprojects.readonly","https://www.googleapis.com/auth/firebase","https://www.googleapis.com/auth/cloud-platform"]
[debug] [2019-06-28T14:10:21.934Z] > authorizing via signed-in user
[debug] [2019-06-28T14:10:21.934Z] [iam] checking project lingafriq-15d2a for permissions ["firebase.projects.get"]
[debug] [2019-06-28T14:10:21.936Z] > refreshing access token with scopes: ["email","https://www.googleapis.com/auth/cloud-platform","https://www.googleapis.com/auth/cloudplatformprojects.readonly","https://www.googleapis.com/auth/firebase","openid"]
[debug] [2019-06-28T14:10:21.936Z] >>> HTTP REQUEST POST https://www.googleapis.com/oauth2/v3/token  
 <request body omitted>
[debug] [2019-06-28T14:10:22.122Z] <<< HTTP RESPONSE 200
[debug] [2019-06-28T14:10:22.136Z] >>> HTTP REQUEST POST https://cloudresourcemanager.googleapis.com/v1/projects/lingafriq-15d2a:testIamPermissions  

[debug] [2019-06-28T14:10:22.974Z] <<< HTTP RESPONSE 200
[debug] [2019-06-28T14:10:22.976Z] >>> HTTP REQUEST GET https://cloudresourcemanager.googleapis.com/v1/projects/lingafriq-15d2a  
 
[debug] [2019-06-28T14:10:23.744Z] <<< HTTP RESPONSE 200
[info] 
[info] === Serving from 'C:\Users\jeffrey\Documents\LingAfriq\website'...
[info] 
[debug] [2019-06-28T14:10:23.749Z] >>> HTTP REQUEST GET https://mobilesdk-pa.googleapis.com/v1/projects/277753451338/clients/_:getWebAppConfig  
 
[debug] [2019-06-28T14:10:24.079Z] <<< HTTP RESPONSE 200
[info] i  hosting: Serving hosting files from: public
[info] +  hosting: Local server: http://localhost:5000
